\BOOKMARK [0][-]{chapter.1}{\376\377\000G\000e\000t\000t\000i\000n\000g\000\040\000S\000t\000a\000r\000t\000e\000d}{}% 1
\BOOKMARK [1][-]{section.1.1}{\376\377\040\034\000O\000v\000e\000r\000v\000i\000e\000w\040\035\000\040\000S\000e\000c\000t\000i\000o\000n}{chapter.1}% 2
\BOOKMARK [1][-]{section.1.2}{\376\377\040\034\000T\000h\000e\000\040\000S\000i\000t\000e\040\035\000\040\000S\000e\000c\000t\000i\000o\000n}{chapter.1}% 3
\BOOKMARK [1][-]{section.1.3}{\376\377\040\034\000F\000o\000r\000m\000a\000t\000\040\000o\000f\000\040\000I\000n\000p\000u\000t\000s\000\040\000a\000n\000d\000\040\000O\000u\000t\000p\000u\000t\000s\040\035\000\040\000S\000e\000c\000t\000i\000o\000n}{chapter.1}% 4
\BOOKMARK [1][-]{section.1.4}{\376\377\040\034\000W\000a\000l\000k\000t\000h\000r\000o\000u\000g\000h\040\035\000\040\000S\000e\000c\000t\000i\000o\000n}{chapter.1}% 5
\BOOKMARK [1][-]{section.1.5}{\376\377\040\034\000C\000o\000l\000o\000r\000\040\000T\000h\000e\000o\000r\000y\000\040\000B\000a\000s\000i\000c\000s\040\035\000\040\000S\000e\000c\000t\000i\000o\000n}{chapter.1}% 6
\BOOKMARK [0][-]{chapter.2}{\376\377\000O\000v\000e\000r\000v\000i\000e\000w\000\040\000o\000f\000\040\000T\000h\000e\000\040\000A\000p\000p\000l\000i\000c\000a\000t\000i\000o\000n}{}% 7
\BOOKMARK [0][-]{chapter.3}{\376\377\000T\000h\000e\000\040\000S\000i\000t\000e}{}% 8
\BOOKMARK [1][-]{section.3.1}{\376\377\000M\000a\000i\000n\000\040\000P\000a\000g\000e}{chapter.3}% 9
\BOOKMARK [1][-]{section.3.2}{\376\377\000E\000x\000a\000m\000p\000l\000e\000\040\000P\000a\000l\000e\000t\000t\000e\000s\000\040\000P\000a\000g\000e}{chapter.3}% 10
\BOOKMARK [1][-]{section.3.3}{\376\377\000C\000o\000l\000o\000r\000\040\000T\000h\000e\000o\000r\000y\000\040\000P\000a\000g\000e}{chapter.3}% 11
\BOOKMARK [1][-]{section.3.4}{\376\377\000A\000b\000o\000u\000t\000\040\000U\000s\000\040\000P\000a\000g\000e}{chapter.3}% 12
\BOOKMARK [0][-]{chapter.4}{\376\377\000F\000o\000r\000m\000a\000t\000\040\000o\000f\000\040\000I\000n\000p\000u\000t\000s\000\040\000a\000n\000d\000\040\000O\000u\000t\000p\000u\000t\000s}{}% 13
\BOOKMARK [0][-]{chapter.5}{\376\377\000W\000a\000l\000k\000t\000h\000r\000o\000u\000g\000h}{}% 14
\BOOKMARK [1][-]{section.5.1}{\376\377\000S\000t\000e\000p\000\040\0001\000:\000\040\000N\000a\000v\000i\000g\000a\000t\000i\000n\000g\000\040\000t\000h\000e\000\040\000P\000a\000g\000e}{chapter.5}% 15
\BOOKMARK [1][-]{section.5.2}{\376\377\000S\000t\000e\000p\000\040\0002\000:\000\040\000S\000e\000l\000e\000c\000t\000i\000n\000g\000\040\000a\000n\000\040\000I\000m\000a\000g\000e}{chapter.5}% 16
\BOOKMARK [1][-]{section.5.3}{\376\377\000S\000t\000e\000p\000\040\0003\000:\000\040\000U\000p\000l\000o\000a\000d\000i\000n\000g\000\040\000t\000h\000e\000\040\000I\000m\000a\000g\000e}{chapter.5}% 17
\BOOKMARK [1][-]{section.5.4}{\376\377\000S\000t\000e\000p\000\040\0004\000:\000\040\000V\000i\000e\000w\000i\000n\000g\000\040\000t\000h\000e\000\040\000S\000u\000g\000g\000e\000s\000t\000e\000d\000\040\000C\000o\000l\000o\000r\000s}{chapter.5}% 18
\BOOKMARK [1][-]{section.5.5}{\376\377\000S\000t\000e\000p\000\040\0005\000:\000\040\000E\000x\000p\000l\000o\000r\000i\000n\000g\000\040\000F\000u\000r\000t\000h\000e\000r}{chapter.5}% 19
\BOOKMARK [0][-]{chapter.6}{\376\377\000C\000o\000l\000o\000r\000\040\000T\000h\000e\000o\000r\000y\000\040\000B\000a\000s\000i\000c\000s}{}% 20
